2014-08-29 11:27:21,376 INFO  [DefaultSoapUICore] initialized soapui-settings from [C:\Users\santosh\soapui-settings.xml]
2014-08-29 11:27:21,403 INFO  [HttpClientSupport$Helper] Initializing KeyStore
2014-08-29 11:27:35,757 INFO  [SoapUIProGroovyScriptEngineFactory] Setting Script Library to [C:\PC Suite\GlobalScripts]
2014-08-29 11:27:35,758 INFO  [DefaultSoapUICore] Adding listeners from [C:\Program Files\SmartBear\SoapUI-Pro-5.0.0\bin\listeners\demo-listeners.xml]
2014-08-29 11:27:37,109 INFO  [WsdlProject] Loaded project from [file:/C:/Batch_Process/BatchProcess/./SoapUI/Batch_Porcess.xml]
2014-08-29 11:27:37,438 INFO  [SoapUIProGroovyScriptEngineFactory] Setting Script Library to [C:\PC Suite\GlobalScripts]
2014-08-29 11:27:38,396 INFO  [SoapUIProTestCaseRunner] Running SoapUI tests in project [BatchProcess_DataCreate]
2014-08-29 11:27:38,397 INFO  [SoapUIProTestCaseRunner] Running TestCase [TC_Steam_Create]
2014-08-29 11:27:38,417 INFO  [SoapUIProTestCaseRunner] Running SoapUI testcase [TC_Steam_Create]
2014-08-29 11:27:38,417 INFO  [SoapUIProTestCaseRunner] running step [Setup_Node]
2014-08-29 11:27:38,857 INFO  [log] versionMinor ..... 11
2014-08-29 11:27:38,885 INFO  [SoapUIProTestCaseRunner] running step [AccountCreate]
2014-08-29 11:27:38,925 INFO  [SoapUIProTestCaseRunner] Running SoapUI testcase [AccountCreate]
2014-08-29 11:27:38,934 INFO  [SoapUIProTestCaseRunner] running step [AccountName_Generation]
2014-08-29 11:27:38,973 INFO  [SoapUIProTestCaseRunner] running step [Set pem]
2014-08-29 11:27:39,172 INFO  [log] nodeid:RET
2014-08-29 11:27:39,173 INFO  [SoapUIProTestCaseRunner] Running SoapUI testcase [SetPem]
2014-08-29 11:27:39,173 INFO  [SoapUIProTestCaseRunner] running step [Setpem]
2014-08-29 11:27:39,353 INFO  [log] it's Windows
2014-08-29 11:27:39,356 INFO  [log] nodeId: RET
2014-08-29 11:27:39,361 INFO  [log] keyStorePath: C:/certs/RET_concat.pem
2014-08-29 11:27:39,377 INFO  [HttpClientSupport$Helper] Updating keyStore..
2014-08-29 11:27:39,377 INFO  [HttpClientSupport$Helper] Initializing KeyStore
2014-08-29 11:27:39,385 INFO  [HttpClientSupport$Helper] Updating keyStore..
2014-08-29 11:27:39,385 INFO  [HttpClientSupport$Helper] Initializing KeyStore
2014-08-29 11:27:39,395 INFO  [log] pwd=123
2014-08-29 11:27:39,403 INFO  [SoapUIProTestCaseRunner] Finished running SoapUI testcase [SetPem], time taken: 222ms, status: FINISHED
2014-08-29 11:27:39,403 INFO  [log] keyStorePath:C:/certs/RET_concat.pem
2014-08-29 11:27:39,404 INFO  [log] testStep [com.eviware.soapui.impl.wsdl.teststeps.RestTestRequestStep@4aca9e8c]
2014-08-29 11:27:39,457 INFO  [log] Done Setting SSL Keystore to RET_concat.pem
2014-08-29 11:27:39,460 INFO  [SoapUIProTestCaseRunner] running step [Account_Create]
2014-08-29 11:27:40,397 INFO  [SoapUIProTestCaseRunner] Assertion [Script Assertion] has status VALID
2014-08-29 11:27:40,402 INFO  [SoapUIProTestCaseRunner] running step [Extract_Response_Headers]
2014-08-29 11:27:40,459 INFO  [SoapUIProTestCaseRunner] running step [Validate_Response_Headers_And_Body]
2014-08-29 11:27:40,573 INFO  [log] errorRespType[SUCCESS]
2014-08-29 11:27:40,580 INFO  [log]  hostAddress....     qa.q.uvvu.com
2014-08-29 11:27:40,583 INFO  [SoapUIProTestCaseRunner] Finished running SoapUI testcase [AccountCreate], time taken: 1545ms, status: FINISHED
2014-08-29 11:27:40,594 INFO  [SoapUIProTestCaseRunner] running step [UserCreate]
2014-08-29 11:27:40,625 INFO  [SoapUIProTestCaseRunner] Running SoapUI testcase [UserCreate]
2014-08-29 11:27:40,626 INFO  [SoapUIProTestCaseRunner] running step [Set properties from calling test case]
2014-08-29 11:27:40,646 INFO  [SoapUIProTestCaseRunner] running step [Set pem]
2014-08-29 11:27:40,694 INFO  [log] nodeid:RET
2014-08-29 11:27:40,694 INFO  [SoapUIProTestCaseRunner] Running SoapUI testcase [SetPem]
2014-08-29 11:27:40,694 INFO  [SoapUIProTestCaseRunner] running step [Setpem]
2014-08-29 11:27:40,696 INFO  [log] it's Windows
2014-08-29 11:27:40,696 INFO  [log] nodeId: RET
2014-08-29 11:27:40,697 INFO  [log] keyStorePath: C:/certs/RET_concat.pem
2014-08-29 11:27:40,697 INFO  [log] pwd=123
2014-08-29 11:27:40,700 INFO  [SoapUIProTestCaseRunner] Finished running SoapUI testcase [SetPem], time taken: 2ms, status: FINISHED
2014-08-29 11:27:40,701 INFO  [log] keyStorePath:C:/certs/RET_concat.pem
2014-08-29 11:27:40,701 INFO  [log] testStep [com.eviware.soapui.impl.wsdl.teststeps.RestTestRequestStep@48458948]
2014-08-29 11:27:40,702 INFO  [log] Done Setting SSL Keystore to RET_concat.pem
2014-08-29 11:27:40,704 INFO  [SoapUIProTestCaseRunner] running step [User_Create]
2014-08-29 11:27:41,252 INFO  [SoapUIProTestCaseRunner] running step [Extract_Response_Headers]
2014-08-29 11:27:41,288 INFO  [SoapUIProTestCaseRunner] running step [Validate_Response_Headers_And_Body]
2014-08-29 11:27:41,403 INFO  [log] errorRespType[SUCCESS]
2014-08-29 11:27:41,445 INFO  [SoapUIProTestCaseRunner] Finished running SoapUI testcase [UserCreate], time taken: 751ms, status: FINISHED
2014-08-29 11:27:41,450 INFO  [SoapUIProTestCaseRunner] running step [STSCreate]
2014-08-29 11:27:41,476 INFO  [SoapUIProTestCaseRunner] Running SoapUI testcase [STS]
2014-08-29 11:27:41,476 INFO  [SoapUIProTestCaseRunner] running step [Establish Test Case Properties]
2014-08-29 11:27:41,494 INFO  [SoapUIProTestCaseRunner] running step [Set pem1]
2014-08-29 11:27:41,528 INFO  [log] nodeid:RET
2014-08-29 11:27:41,529 INFO  [SoapUIProTestCaseRunner] Running SoapUI testcase [SetPem]
2014-08-29 11:27:41,529 INFO  [SoapUIProTestCaseRunner] running step [Setpem]
2014-08-29 11:27:41,531 INFO  [log] it's Windows
2014-08-29 11:27:41,532 INFO  [log] nodeId: RET
2014-08-29 11:27:41,532 INFO  [log] keyStorePath: C:/certs/RET_concat.pem
2014-08-29 11:27:41,532 INFO  [log] pwd=123
2014-08-29 11:27:41,536 INFO  [SoapUIProTestCaseRunner] Finished running SoapUI testcase [SetPem], time taken: 3ms, status: FINISHED
2014-08-29 11:27:41,537 INFO  [log] keyStorePath:C:/certs/RET_concat.pem
2014-08-29 11:27:41,537 INFO  [log] testStep [com.eviware.soapui.impl.wsdl.teststeps.RestTestRequestStep@7c8950ce]
2014-08-29 11:27:41,538 INFO  [log] Done Setting SSL Keystore to RET_concat.pem
2014-08-29 11:27:41,550 INFO  [SoapUIProTestCaseRunner] running step [STS - POST]
2014-08-29 11:27:43,186 INFO  [SoapUIProTestCaseRunner] running step [Extract Response Body and Headers]
2014-08-29 11:27:43,205 INFO  [log] HTTP/1.1 201 Created
2014-08-29 11:27:43,205 INFO  [log] text/plain; charset=UTF-8
2014-08-29 11:27:43,206 INFO  [log] 0
2014-08-29 11:27:43,206 INFO  [log] https://qa.q.uvvu.com:7001/rest/1/11/SecurityToken/Assertion/_f86a9e7a-57e1-46bd-b72e-5a26b65a576d
2014-08-29 11:27:43,210 INFO  [SoapUIProTestCaseRunner] running step [Verify Response Body and Headers and save assertion]
2014-08-29 11:27:43,280 INFO  [log] SUCCESS
2014-08-29 11:27:43,281 INFO  [log] expectErrType is SUCCESS
2014-08-29 11:27:43,285 INFO  [log] HTTP status:  Expect: HTTP/1.1 201 Created - Received: HTTP/1.1 201 Created
2014-08-29 11:27:43,296 INFO  [SoapUIProTestCaseRunner] running step [Set pem 1]
2014-08-29 11:27:43,339 INFO  [log] nodeid:RET
2014-08-29 11:27:43,340 INFO  [SoapUIProTestCaseRunner] Running SoapUI testcase [SetPem]
2014-08-29 11:27:43,340 INFO  [SoapUIProTestCaseRunner] running step [Setpem]
2014-08-29 11:27:43,342 INFO  [log] it's Windows
2014-08-29 11:27:43,342 INFO  [log] nodeId: RET
2014-08-29 11:27:43,343 INFO  [log] keyStorePath: C:/certs/RET_concat.pem
2014-08-29 11:27:43,344 INFO  [log] pwd=123
2014-08-29 11:27:43,346 INFO  [SoapUIProTestCaseRunner] Finished running SoapUI testcase [SetPem], time taken: 3ms, status: FINISHED
2014-08-29 11:27:43,347 INFO  [log] keyStorePath:C:/certs/RET_concat.pem
2014-08-29 11:27:43,348 INFO  [log] testStep [com.eviware.soapui.impl.wsdl.teststeps.RestTestRequestStep@adc4bfc]
2014-08-29 11:27:43,349 INFO  [log] Done Setting SSL Keystore to RET_concat.pem
2014-08-29 11:27:43,351 INFO  [SoapUIProTestCaseRunner] running step [GET - STS]
2014-08-29 11:27:43,537 INFO  [SoapUIProTestCaseRunner] running step [Extract Response Body and Headers 1]
2014-08-29 11:27:43,561 INFO  [log] [B@3dbb2cc9
2014-08-29 11:27:43,565 INFO  [log] HTTP/1.1 200 OK
Date: Fri, 29 Aug 2014 15:27:33 GMT
Server: Apache
x-Transaction-Info: t=1409326053 VACb5QofmIgAAAxUPYoAAAAG urn:dece:org:org:dece:RET 10.31.153.241
Cache-Control: no-cache, no-store
Vary: Accept-Encoding
Content-Length: 3008
Connection: close
Content-Type: text/xml;charset=UTF-8

<?xml version="1.0" encoding="UTF-8"?><saml2:Assertion xmlns:saml2="urn:oasis:names:tc:SAML:2.0:assertion" ID="_f86a9e7a-57e1-46bd-b72e-5a26b65a576d" IssueInstant="2014-08-29T15:27:31.812Z" Version="2.0" xmlns:xs="http://www.w3.org/2001/XMLSchema"><saml2:Issuer>http://c.decellc.com/</saml2:Issuer><ds:Signature xmlns:ds="http://www.w3.org/2000/09/xmldsig#"><ds:SignedInfo><ds:CanonicalizationMethod Algorithm="http://www.w3.org/2001/10/xml-exc-c14n#"/><ds:SignatureMethod Algorithm="http://www.w3.org/2000/09/xmldsig#rsa-sha1"/><ds:Reference URI="#_f86a9e7a-57e1-46bd-b72e-5a26b65a576d"><ds:Transforms><ds:Transform Algorithm="http://www.w3.org/2000/09/xmldsig#enveloped-signature"/><ds:Transform Algorithm="http://www.w3.org/2001/10/xml-exc-c14n#"><ec:InclusiveNamespaces xmlns:ec="http://www.w3.org/2001/10/xml-exc-c14n#" PrefixList="xs"/></ds:Transform></ds:Transforms><ds:DigestMethod Algorithm="http://www.w3.org/2000/09/xmldsig#sha1"/><ds:DigestValue>eH2L7QvpPYU61oxeJ1+Usk8/Thw=</ds:DigestValue></ds:Reference></ds:SignedInfo><ds:SignatureValue>S5WqgbMKW/kt5Lg0+HdWYwT9vsAB9xDVhRImdT8FRGj9GbRijicE5CtSWHaj9Eykaj8cfHWF04NaD/3rWpWSNIL4jE2FHbbQBI/tdEys+WnQ3KFW+R1f2Wz69kmmOit22OnL6s5sllWUOdn2GMGMPLkndNMgOD+whoFUp+al94M=</ds:SignatureValue></ds:Signature><saml2:Subject><saml2:NameID Format="urn:oasis:names:tc:SAML:2.0:nameid-format:persistent">urn:dece:userid:org:dece:01C74A9F94E44300E05305991F0AF0D8</saml2:NameID><saml2:SubjectConfirmation Method="urn:oasis:names:tc:SAML:2.0:cm:sender-vouches"><saml2:SubjectConfirmationData InResponseTo="_10rxa6lmxqu8t169jogqt982zp" NotOnOrAfter="2014-08-29T18:27:31.812Z" Recipient="https://stdecqavutl1.va.neustar.com:2485/simplesaml/module.php/saml/sp/saml2-acs.php/RET"/></saml2:SubjectConfirmation></saml2:Subject><saml2:Conditions NotBefore="2014-08-29T15:27:21.812Z" NotOnOrAfter="2014-08-29T21:27:31.812Z"><saml2:AudienceRestriction><saml2:Audience>urn:dece:org:org:dece:DLASP</saml2:Audience><saml2:Audience>urn:dece:org:org:dece:RET_CS_1</saml2:Audience><saml2:Audience>urn:dece:org:org:dece:RET</saml2:Audience></saml2:AudienceRestriction></saml2:Conditions><saml2:Advice><saml2:AssertionURIRef>https://qa.q.uvvu.com:7001/rest/1/11/SecurityToken/Assertion/_f86a9e7a-57e1-46bd-b72e-5a26b65a576d</saml2:AssertionURIRef></saml2:Advice><saml2:AuthnStatement AuthnInstant="2014-08-29T15:27:31.812Z" SessionIndex="_f86a9e7a-57e1-46bd-b72e-5a26b65a576d"><saml2:AuthnContext><saml2:AuthnContextClassRef>urn:oasis:names:tc:SAML:2.0:ac:classes:Password</saml2:AuthnContextClassRef><saml2:AuthenticatingAuthority>urn:dece:org:org:dece:coordinator</saml2:AuthenticatingAuthority></saml2:AuthnContext></saml2:AuthnStatement><saml2:AttributeStatement><saml2:Attribute Name="accountID" NameFormat="urn:dece:type:accountID"><saml2:AttributeValue xmlns:xsi="http://www.w3.org/2001/XMLSchema-instance" xsi:type="xs:string">urn:dece:accountid:org:dece:01C6EF746E1D739BE05307991F0A4989</saml2:AttributeValue></saml2:Attribute></saml2:AttributeStatement></saml2:Assertion>
2014-08-29 11:27:43,570 INFO  [SoapUIProTestCaseRunner] running step [Deflate and encode the <Assertion>]
2014-08-29 11:27:43,628 INFO  [log] XMLbody is [<saml2:Assertion xmlns:saml2="urn:oasis:names:tc:SAML:2.0:assertion" ID="_f86a9e7a-57e1-46bd-b72e-5a26b65a576d" IssueInstant="2014-08-29T15:27:31.812Z" Version="2.0" xmlns:xs="http://www.w3.org/2001/XMLSchema"><saml2:Issuer>http://c.decellc.com/</saml2:Issuer><ds:Signature xmlns:ds="http://www.w3.org/2000/09/xmldsig#"><ds:SignedInfo><ds:CanonicalizationMethod Algorithm="http://www.w3.org/2001/10/xml-exc-c14n#"/><ds:SignatureMethod Algorithm="http://www.w3.org/2000/09/xmldsig#rsa-sha1"/><ds:Reference URI="#_f86a9e7a-57e1-46bd-b72e-5a26b65a576d"><ds:Transforms><ds:Transform Algorithm="http://www.w3.org/2000/09/xmldsig#enveloped-signature"/><ds:Transform Algorithm="http://www.w3.org/2001/10/xml-exc-c14n#"><ec:InclusiveNamespaces xmlns:ec="http://www.w3.org/2001/10/xml-exc-c14n#" PrefixList="xs"/></ds:Transform></ds:Transforms><ds:DigestMethod Algorithm="http://www.w3.org/2000/09/xmldsig#sha1"/><ds:DigestValue>eH2L7QvpPYU61oxeJ1+Usk8/Thw=</ds:DigestValue></ds:Reference></ds:SignedInfo><ds:SignatureValue>S5WqgbMKW/kt5Lg0+HdWYwT9vsAB9xDVhRImdT8FRGj9GbRijicE5CtSWHaj9Eykaj8cfHWF04NaD/3rWpWSNIL4jE2FHbbQBI/tdEys+WnQ3KFW+R1f2Wz69kmmOit22OnL6s5sllWUOdn2GMGMPLkndNMgOD+whoFUp+al94M=</ds:SignatureValue></ds:Signature><saml2:Subject><saml2:NameID Format="urn:oasis:names:tc:SAML:2.0:nameid-format:persistent">urn:dece:userid:org:dece:01C74A9F94E44300E05305991F0AF0D8</saml2:NameID><saml2:SubjectConfirmation Method="urn:oasis:names:tc:SAML:2.0:cm:sender-vouches"><saml2:SubjectConfirmationData InResponseTo="_10rxa6lmxqu8t169jogqt982zp" NotOnOrAfter="2014-08-29T18:27:31.812Z" Recipient="https://stdecqavutl1.va.neustar.com:2485/simplesaml/module.php/saml/sp/saml2-acs.php/RET"/></saml2:SubjectConfirmation></saml2:Subject><saml2:Conditions NotBefore="2014-08-29T15:27:21.812Z" NotOnOrAfter="2014-08-29T21:27:31.812Z"><saml2:AudienceRestriction><saml2:Audience>urn:dece:org:org:dece:DLASP</saml2:Audience><saml2:Audience>urn:dece:org:org:dece:RET_CS_1</saml2:Audience><saml2:Audience>urn:dece:org:org:dece:RET</saml2:Audience></saml2:AudienceRestriction></saml2:Conditions><saml2:Advice><saml2:AssertionURIRef>https://qa.q.uvvu.com:7001/rest/1/11/SecurityToken/Assertion/_f86a9e7a-57e1-46bd-b72e-5a26b65a576d</saml2:AssertionURIRef></saml2:Advice><saml2:AuthnStatement AuthnInstant="2014-08-29T15:27:31.812Z" SessionIndex="_f86a9e7a-57e1-46bd-b72e-5a26b65a576d"><saml2:AuthnContext><saml2:AuthnContextClassRef>urn:oasis:names:tc:SAML:2.0:ac:classes:Password</saml2:AuthnContextClassRef><saml2:AuthenticatingAuthority>urn:dece:org:org:dece:coordinator</saml2:AuthenticatingAuthority></saml2:AuthnContext></saml2:AuthnStatement><saml2:AttributeStatement><saml2:Attribute Name="accountID" NameFormat="urn:dece:type:accountID"><saml2:AttributeValue xmlns:xsi="http://www.w3.org/2001/XMLSchema-instance" xsi:type="xs:string">urn:dece:accountid:org:dece:01C6EF746E1D739BE05307991F0A4989</saml2:AttributeValue></saml2:Attribute></saml2:AttributeStatement></saml2:Assertion>]
2014-08-29 11:27:43,683 INFO  [SoapUIProTestCaseRunner] running step [Extract and Store Account and User Info based on Assertion UUID]
2014-08-29 11:27:43,718 INFO  [log] accountId [urn:dece:accountid:org:dece:01C6EF746E1D739BE05307991F0A4989]
2014-08-29 11:27:43,719 INFO  [log] userId [urn:dece:userid:org:dece:01C74A9F94E44300E05305991F0AF0D8]
2014-08-29 11:27:43,720 INFO  [log] assertionAccountId property is 01C6EF746E1D739BE05307991F0A4989
2014-08-29 11:27:43,720 INFO  [log] assertionUserId property is 01C74A9F94E44300E05305991F0AF0D8
2014-08-29 11:27:43,724 INFO  [SoapUIProTestCaseRunner] Finished running SoapUI testcase [STS], time taken: 2192ms, status: FINISHED
2014-08-29 11:27:43,728 INFO  [SoapUIProTestCaseRunner] running step [CreatePoliciesForUser]
2014-08-29 11:27:43,756 INFO  [SoapUIProTestCaseRunner] Running SoapUI testcase [PoliciesForUser]
2014-08-29 11:27:43,757 INFO  [SoapUIProTestCaseRunner] running step [Set Encoded NodeUserID]
2014-08-29 11:27:43,796 INFO  [SoapUIProTestCaseRunner] running step [Set pem]
2014-08-29 11:27:43,829 INFO  [log] nodeid:RET
2014-08-29 11:27:43,830 INFO  [SoapUIProTestCaseRunner] Running SoapUI testcase [SetPem]
2014-08-29 11:27:43,830 INFO  [SoapUIProTestCaseRunner] running step [Setpem]
2014-08-29 11:27:43,832 INFO  [log] it's Windows
2014-08-29 11:27:43,832 INFO  [log] nodeId: RET
2014-08-29 11:27:43,833 INFO  [log] keyStorePath: C:/certs/RET_concat.pem
2014-08-29 11:27:43,833 INFO  [log] pwd=123
2014-08-29 11:27:43,836 INFO  [SoapUIProTestCaseRunner] Finished running SoapUI testcase [SetPem], time taken: 2ms, status: FINISHED
2014-08-29 11:27:43,838 INFO  [log] Done Setting SSL Keystore to RET_concat.pem
2014-08-29 11:27:43,841 INFO  [SoapUIProTestCaseRunner] running step [Set_TOU_Policy_Resource]
2014-08-29 11:27:43,855 INFO  [log] Policy TOU from Project level property https://qa.c.uvvu.com:7001/Consent/Text/US/urn:dece:type:policy:TermsOfUse:20121024/html
2014-08-29 11:27:43,860 INFO  [SoapUIProTestCaseRunner] running step [PolicyCreateSinglePolicyPost_TOU]
2014-08-29 11:27:44,332 INFO  [SoapUIProTestCaseRunner] Assertion [Script Assertion] has status VALID
2014-08-29 11:27:44,335 INFO  [SoapUIProTestCaseRunner] running step [PolicyCreateSinglePolicyPost_UserLinkConsent]
2014-08-29 11:27:44,586 INFO  [SoapUIProTestCaseRunner] Assertion [Script Assertion] has status VALID
2014-08-29 11:27:44,589 INFO  [SoapUIProTestCaseRunner] running step [PolicyCreateSinglePolicyPost_ManageUserConsent]
2014-08-29 11:27:45,142 INFO  [SoapUIProTestCaseRunner] Assertion [Script Assertion] has status VALID
2014-08-29 11:27:45,145 INFO  [SoapUIProTestCaseRunner] running step [SetNodeID]
2014-08-29 11:27:45,164 INFO  [SoapUIProTestCaseRunner] running step [Set pem]
2014-08-29 11:27:45,164 INFO  [log] nodeid:RET_CS_1
2014-08-29 11:27:45,165 INFO  [SoapUIProTestCaseRunner] Running SoapUI testcase [SetPem]
2014-08-29 11:27:45,165 INFO  [SoapUIProTestCaseRunner] running step [Setpem]
2014-08-29 11:27:45,167 INFO  [log] it's Windows
2014-08-29 11:27:45,167 INFO  [log] nodeId: RET_CS_1
2014-08-29 11:27:45,167 INFO  [log] keyStorePath: C:/certs/RET_CS_1_concat.pem
2014-08-29 11:27:45,168 INFO  [HttpClientSupport$Helper] Updating keyStore..
2014-08-29 11:27:45,168 INFO  [HttpClientSupport$Helper] Initializing KeyStore
2014-08-29 11:27:45,172 INFO  [HttpClientSupport$Helper] Updating keyStore..
2014-08-29 11:27:45,172 INFO  [HttpClientSupport$Helper] Initializing KeyStore
2014-08-29 11:27:45,177 INFO  [log] pwd=123
2014-08-29 11:27:45,181 INFO  [SoapUIProTestCaseRunner] Finished running SoapUI testcase [SetPem], time taken: 12ms, status: FINISHED
2014-08-29 11:27:45,182 INFO  [log] Done Setting SSL Keystore to RET_CS_1_concat.pem
2014-08-29 11:27:45,185 INFO  [SoapUIProTestCaseRunner] running step [Set_TOU_Policy_Resource]
2014-08-29 11:27:45,186 INFO  [log] Policy TOU from Project level property https://qa.c.uvvu.com:7001/Consent/Text/US/urn:dece:type:policy:TermsOfUse:20121024/html
2014-08-29 11:27:45,189 INFO  [SoapUIProTestCaseRunner] running step [PolicyCreateSinglePolicyPost_UserLinkConsent]
2014-08-29 11:27:45,432 INFO  [SoapUIProTestCaseRunner] Assertion [Script Assertion] has status VALID
2014-08-29 11:27:45,435 INFO  [SoapUIProTestCaseRunner] running step [PolicyCreateSinglePolicyPost_ManageUserConsent]
2014-08-29 11:27:45,694 INFO  [SoapUIProTestCaseRunner] Assertion [Script Assertion] has status VALID
2014-08-29 11:27:45,696 INFO  [SoapUIProTestCaseRunner] running step [SetNodeID]
2014-08-29 11:27:45,699 INFO  [SoapUIProTestCaseRunner] running step [Set pem]
2014-08-29 11:27:45,699 INFO  [log] nodeid:DLASP
2014-08-29 11:27:45,700 INFO  [SoapUIProTestCaseRunner] Running SoapUI testcase [SetPem]
2014-08-29 11:27:45,700 INFO  [SoapUIProTestCaseRunner] running step [Setpem]
2014-08-29 11:27:45,701 INFO  [log] it's Windows
2014-08-29 11:27:45,701 INFO  [log] nodeId: DLASP
2014-08-29 11:27:45,701 INFO  [log] keyStorePath: C:/certs/DLASP_concat.pem
2014-08-29 11:27:45,702 INFO  [HttpClientSupport$Helper] Updating keyStore..
2014-08-29 11:27:45,702 INFO  [HttpClientSupport$Helper] Initializing KeyStore
2014-08-29 11:27:45,706 INFO  [HttpClientSupport$Helper] Updating keyStore..
2014-08-29 11:27:45,707 INFO  [HttpClientSupport$Helper] Initializing KeyStore
2014-08-29 11:27:45,713 INFO  [log] pwd=123
2014-08-29 11:27:45,723 INFO  [SoapUIProTestCaseRunner] Finished running SoapUI testcase [SetPem], time taken: 16ms, status: FINISHED
2014-08-29 11:27:45,724 INFO  [log] Done Setting SSL Keystore to DLASP_concat.pem
2014-08-29 11:27:45,727 INFO  [SoapUIProTestCaseRunner] running step [Set_TOU_Policy_Resource]
2014-08-29 11:27:45,728 INFO  [log] Policy TOU from Project level property https://qa.c.uvvu.com:7001/Consent/Text/US/urn:dece:type:policy:TermsOfUse:20121024/html
2014-08-29 11:27:45,730 INFO  [SoapUIProTestCaseRunner] running step [PolicyCreateSinglePolicyPost_UserLinkConsent]
2014-08-29 11:27:45,972 INFO  [SoapUIProTestCaseRunner] Assertion [Script Assertion] has status VALID
2014-08-29 11:27:45,975 INFO  [SoapUIProTestCaseRunner] running step [PolicyCreateSinglePolicyPost_ManageUserConsent]
2014-08-29 11:27:46,309 INFO  [SoapUIProTestCaseRunner] Assertion [Script Assertion] has status VALID
2014-08-29 11:27:46,312 INFO  [SoapUIProTestCaseRunner] running step [SetNodeID]
2014-08-29 11:27:46,315 INFO  [SoapUIProTestCaseRunner] running step [SetInitialProperties]
2014-08-29 11:27:46,350 INFO  [SoapUIProTestCaseRunner] Finished running SoapUI testcase [PoliciesForUser], time taken: 2440ms, status: FINISHED
2014-08-29 11:27:46,353 INFO  [SoapUIProTestCaseRunner] running step [RightsTokenCreate]
2014-08-29 11:27:46,390 INFO  [SoapUIProTestCaseRunner] Running SoapUI testcase [RightsTokenCreateRequest]
2014-08-29 11:27:46,391 INFO  [SoapUIProTestCaseRunner] running step [Get the Required Rights Properties]
2014-08-29 11:27:46,424 INFO  [SoapUIProTestCaseRunner] running step [pem set]
2014-08-29 11:27:46,458 INFO  [log] nodeid:RET
2014-08-29 11:27:46,458 INFO  [SoapUIProTestCaseRunner] Running SoapUI testcase [SetPem]
2014-08-29 11:27:46,459 INFO  [SoapUIProTestCaseRunner] running step [Setpem]
2014-08-29 11:27:46,460 INFO  [log] it's Windows
2014-08-29 11:27:46,460 INFO  [log] nodeId: RET
2014-08-29 11:27:46,461 INFO  [log] keyStorePath: C:/certs/RET_concat.pem
2014-08-29 11:27:46,462 INFO  [HttpClientSupport$Helper] Updating keyStore..
2014-08-29 11:27:46,462 INFO  [HttpClientSupport$Helper] Initializing KeyStore
2014-08-29 11:27:46,466 INFO  [HttpClientSupport$Helper] Updating keyStore..
2014-08-29 11:27:46,466 INFO  [HttpClientSupport$Helper] Initializing KeyStore
2014-08-29 11:27:46,471 INFO  [log] pwd=123
2014-08-29 11:27:46,475 INFO  [SoapUIProTestCaseRunner] Finished running SoapUI testcase [SetPem], time taken: 13ms, status: FINISHED
2014-08-29 11:27:46,475 INFO  [log] keyStorePath:C:/certs/RET_concat.pem
2014-08-29 11:27:46,476 INFO  [log] testStep [com.eviware.soapui.impl.wsdl.teststeps.RestTestRequestStep@1738e72d]
2014-08-29 11:27:46,477 INFO  [log] Done Setting SSL Keystore to RET_concat.pem
2014-08-29 11:27:46,480 INFO  [SoapUIProTestCaseRunner] running step [RightsTokenCreate Request POST]
2014-08-29 11:27:46,940 INFO  [SoapUIProTestCaseRunner] running step [Extract RightsToken Request XML]
2014-08-29 11:27:46,972 INFO  [log] </ns4:RightsTokenData>
2014-08-29 11:27:46,975 INFO  [SoapUIProTestCaseRunner] running step [Extract RightsToken Info from the Response]
2014-08-29 11:27:47,009 INFO  [log] HTTP/1.1 201 Created
2014-08-29 11:27:47,009 INFO  [log] [https://qa.q.uvvu.com:7001/rest/1/11/Account/urn:dece:accountid:org:dece:01C6EF746E1D739BE05307991F0A4989/RightsToken/urn:dece:rightstokenid:org:dece:01C74AF7F4914CCBE05307991F0AB79B]
2014-08-29 11:27:47,009 INFO  [log] Response Time : 453:ms
2014-08-29 11:27:47,012 INFO  [log] urn:dece:rightstokenid:org:dece:01C74AF7F4914CCBE05307991F0AB79B
2014-08-29 11:27:47,013 INFO  [log] decodedRTKLoc==urn:dece:rightstokenid:org:dece:01C74AF7F4914CCBE05307991F0AB79B
2014-08-29 11:27:47,013 INFO  [log] urn:dece:accountid:org:dece:01C6EF746E1D739BE05307991F0A4989
2014-08-29 11:27:47,014 INFO  [log] decodedAccountIDLoc==urn:dece:accountid:org:dece:01C6EF746E1D739BE05307991F0A4989
2014-08-29 11:27:47,014 INFO  [log] 01C74AF7F4914CCBE05307991F0AB79B
2014-08-29 11:27:47,017 INFO  [SoapUIProTestCaseRunner] running step [ValidateRightsTokenCreate RESPONSE]
2014-08-29 11:27:47,622 INFO  [log] HTTP/1.1 201 Created
2014-08-29 11:27:47,623 INFO  [log] close
2014-08-29 11:27:47,623 INFO  [log] application/xml;charset=UTF-8
2014-08-29 11:27:47,623 INFO  [log] SUCCESS
2014-08-29 11:27:47,624 INFO  [log] Res_RTObjType[null]xxxxxxxxxxxxxxx
2014-08-29 11:27:47,630 INFO  [log] From ValidateRights ---
2014-08-29 11:27:47,631 INFO  [log] HTTP status:  Expect: HTTP/1.1 201 Created - Received: HTTP/1.1 201 Created
2014-08-29 11:27:47,631 INFO  [log] HTTP status:  Expect: Keep-Alive - Received: close
2014-08-29 11:27:47,680 INFO  [log] 

[1] ###################### 

TimeStamp :1409326066391[Fri Aug 29 11:27:47 EDT 2014]------TestStep < Get the Required Rights Properties > finished with status < OK > Time Taken ::< 30 > ms 

--------- CallingTest Case Name :   TC_Steam_Create ###################


2014-08-29 11:27:47,681 INFO  [log] 

[2] ###################### 

TimeStamp :1409326066424[Fri Aug 29 11:27:47 EDT 2014]------TestStep < pem set > finished with status < OK > Time Taken ::< 52 > ms 

--------- CallingTest Case Name :   TC_Steam_Create ###################


2014-08-29 11:27:47,695 INFO  [log] 

[3] ###################

TimeStamp :1409326066480[Fri Aug 29 11:27:47 EDT 2014]------TestStep < RightsTokenCreate Request POST > finished with status < UNKNOWN > Time Taken ::< 453 > ms 

--------- CallingTestCase Name :  TC_Steam_Create

------------RightsTokenCreate Request POSTRequest Message --------

</ns4:RightsTokenData>

-------------RightsTokenCreate Request POST Response Message Header--------

[Vary:[Accept-Encoding], Date:[Fri, 29 Aug 2014 15:27:36 GMT], #status#:[HTTP/1.1 201 Created], Content-Length:[0], Location:[https://qa.q.uvvu.com:7001/rest/1/11/Account/urn:dece:accountid:org:dece:01C6EF746E1D739BE05307991F0A4989/RightsToken/urn:dece:rightstokenid:org:dece:01C74AF7F4914CCBE05307991F0AB79B], Content-Type:[application/xml;charset=UTF-8], Connection:[close], x-Transaction-Info:[t=1409326056 VACb6AofmIgAAAxWPsoAAAAX urn:dece:org:org:dece:RET 10.31.153.241], Server:[Apache]]

 Response Message Body--------

null

-----RightsTokenCreate Request POST Assertions-------

[] ###################


2014-08-29 11:27:47,698 INFO  [log] 

[4] ###################### 

TimeStamp :1409326066940[Fri Aug 29 11:27:47 EDT 2014]------TestStep < Extract RightsToken Request XML > finished with status < OK > Time Taken ::< 32 > ms 

--------- CallingTest Case Name :   TC_Steam_Create ###################


2014-08-29 11:27:47,699 INFO  [log] 

[5] ###################### 

TimeStamp :1409326066976[Fri Aug 29 11:27:47 EDT 2014]------TestStep < Extract RightsToken Info from the Response > finished with status < OK > Time Taken ::< 38 > ms 

--------- CallingTest Case Name :   TC_Steam_Create ###################


2014-08-29 11:27:47,700 INFO  [log] 

[6] ###################### 

TimeStamp :1409326067017[Fri Aug 29 11:27:47 EDT 2014]------TestStep < ValidateRightsTokenCreate RESPONSE > finished with status < OK > Time Taken ::< 614 > ms 

--------- CallingTest Case Name :   TC_Steam_Create ###################


2014-08-29 11:27:47,701 INFO  [SoapUIProTestCaseRunner] Finished running SoapUI testcase [RightsTokenCreateRequest], time taken: 1219ms, status: FINISHED
2014-08-29 11:27:47,705 INFO  [SoapUIProTestCaseRunner] running step [Set Node DLASP]
2014-08-29 11:27:47,739 INFO  [SoapUIProTestCaseRunner] running step [Count]
2014-08-29 11:27:47,743 INFO  [SoapUIProTestCaseRunner] running step [StreamCreate]
2014-08-29 11:27:47,770 INFO  [SoapUIProTestCaseRunner] Running SoapUI testcase [StreamCreate]
2014-08-29 11:27:47,770 INFO  [SoapUIProTestCaseRunner] running step [Extract required Properties from calling Test Case]
2014-08-29 11:27:47,789 INFO  [SoapUIProTestCaseRunner] running step [pem set]
2014-08-29 11:27:47,825 INFO  [log] nodeId.....;;;;;; DLASP
2014-08-29 11:27:47,828 INFO  [log] myTC.setPropertyValue ..........DLASP
2014-08-29 11:27:47,829 INFO  [SoapUIProTestCaseRunner] Running SoapUI testcase [SetPem]
2014-08-29 11:27:47,829 INFO  [SoapUIProTestCaseRunner] running step [Setpem]
2014-08-29 11:27:47,831 INFO  [log] it's Windows
2014-08-29 11:27:47,831 INFO  [log] nodeId: DLASP
2014-08-29 11:27:47,832 INFO  [log] keyStorePath: C:/certs/DLASP_concat.pem
2014-08-29 11:27:47,832 INFO  [HttpClientSupport$Helper] Updating keyStore..
2014-08-29 11:27:47,833 INFO  [HttpClientSupport$Helper] Initializing KeyStore
2014-08-29 11:27:47,836 INFO  [HttpClientSupport$Helper] Updating keyStore..
2014-08-29 11:27:47,837 INFO  [HttpClientSupport$Helper] Initializing KeyStore
2014-08-29 11:27:47,841 INFO  [log] pwd=123
2014-08-29 11:27:47,845 INFO  [SoapUIProTestCaseRunner] Finished running SoapUI testcase [SetPem], time taken: 12ms, status: FINISHED
2014-08-29 11:27:47,846 INFO  [log] keyStorePath:C:/certs/DLASP_concat.pem
2014-08-29 11:27:47,846 INFO  [log] testStep [com.eviware.soapui.impl.wsdl.teststeps.RestTestRequestStep@c82f61c]
2014-08-29 11:27:47,847 INFO  [log] Done Setting SSL Keystore to DLASP_concat.pem
2014-08-29 11:27:47,851 INFO  [SoapUIProTestCaseRunner] running step [5000]
2014-08-29 11:27:52,853 INFO  [SoapUIProTestCaseRunner] running step [POST - StreamCreate]
2014-08-29 11:27:53,248 INFO  [SoapUIProTestCaseRunner] running step [5000 1]
2014-08-29 11:27:58,250 INFO  [SoapUIProTestCaseRunner] running step [Rerun]
2014-08-29 11:27:58,261 INFO  [log] #########################IN RERUN ######################POST - StreamCreate
2014-08-29 11:27:58,264 INFO  [SoapUIProTestCaseRunner] running step [Extract Response Body]
2014-08-29 11:27:58,283 INFO  [SoapUIProTestCaseRunner] running step [Extract ERROR table information]
2014-08-29 11:27:58,339 INFO  [log] Inside constructor dbUtils(log,envIdentifier)
2014-08-29 11:27:58,407 INFO  [log] Inside dbConnEstablish method
2014-08-29 11:27:58,407 INFO  [log] Argument passed to this method, envIdentifier : 'LP1'
2014-08-29 11:27:58,408 INFO  [log] Inside ReadDBCrecentials method
2014-08-29 11:27:58,408 INFO  [log] Arguments passed to this method, envIdentifier : 'LP1'
2014-08-29 11:27:58,409 INFO  [log] Out ReadDBCrecentials method
2014-08-29 11:27:58,409 INFO  [log] Return dbUsername : 'DEQA1_APP'
2014-08-29 11:27:58,409 INFO  [log] Return dbPassword : 'lp1db_23'
2014-08-29 11:27:58,728 INFO  [log] Out dbConnEstablish method
2014-08-29 11:27:58,728 INFO  [log] Out constructor dbUtils(log,envIdentifier)
2014-08-29 11:27:58,728 INFO  [log] expectErrTypeStreamCreate[SUCCESS]
2014-08-29 11:27:58,730 INFO  [log] SelectFromDB - here
2014-08-29 11:27:58,886 INFO  [log] errGetIdInfo: sql is SELECT a.STATUS_CODE, b.REASON, b.ERROR_ID FROM ERROR_ID a, ERROR_INFO b WHERE a.ERROR_ID = b.ERROR_ID and a.ERROR_ID='SUCCESS' and b.LANGUAGE_ID = 'en'
2014-08-29 11:27:58,888 INFO  [log] errGetIdInfo: xmlData.length() is 51
2014-08-29 11:27:58,888 INFO  [log] errGetIdInfo: xmlData is <Results>
  <ResultSet fetchSize='10' />
</Results>
2014-08-29 11:27:58,891 INFO  [log] 0
2014-08-29 11:27:58,897 INFO  [SoapUIProTestCaseRunner] running step [Verify the response headers and body]
2014-08-29 11:27:59,046 INFO  [log] errorRespType[SUCCESS]
2014-08-29 11:27:59,047 INFO  [log] errorID[]
2014-08-29 11:27:59,047 INFO  [log] errorReason[]
2014-08-29 11:27:59,047 INFO  [log] errorLink[]
2014-08-29 11:27:59,047 INFO  [log] HTTP status:  Expect: HTTP/1.1 201 Created - Received: HTTP/1.1 201 Created
2014-08-29 11:27:59,048 INFO  [log] HTTP status:  Expect: Keep-Alive - Received: close
2014-08-29 11:27:59,048 INFO  [log] HTTP Content-Length:  Value is 0
2014-08-29 11:27:59,049 INFO  [log] streamid[01C6F24BF6157D63E05307991F0AE5A3] - streamidFULL[urn:dece:streamhandleid:org:dece:01C6F24BF6157D63E05307991F0AE5A3]
2014-08-29 11:27:59,052 INFO  [SoapUIProTestCaseRunner] running step [Return the streamhandle]
2014-08-29 11:27:59,070 INFO  [SoapUIProTestCaseRunner] Finished running SoapUI testcase [StreamCreate], time taken: 11259ms, status: FINISHED
2014-08-29 11:27:59,075 INFO  [SoapUIProTestCaseRunner] running step [Steam OID]
2014-08-29 11:27:59,089 INFO  [log] 01C6F24BF6157D63E05307991F0AE5A3
2014-08-29 11:27:59,098 INFO  [SoapUIProTestCaseRunner] running step [Continous Stream Create]
2014-08-29 11:27:59,102 INFO  [SoapUIProTestCaseRunner] running step [StreamCreate]
2014-08-29 11:27:59,103 INFO  [SoapUIProTestCaseRunner] Running SoapUI testcase [StreamCreate]
2014-08-29 11:27:59,104 INFO  [SoapUIProTestCaseRunner] running step [Extract required Properties from calling Test Case]
2014-08-29 11:27:59,108 INFO  [SoapUIProTestCaseRunner] running step [pem set]
2014-08-29 11:27:59,109 INFO  [log] nodeId.....;;;;;; DLASP
2014-08-29 11:27:59,109 INFO  [log] myTC.setPropertyValue ..........DLASP
2014-08-29 11:27:59,109 INFO  [SoapUIProTestCaseRunner] Running SoapUI testcase [SetPem]
2014-08-29 11:27:59,110 INFO  [SoapUIProTestCaseRunner] running step [Setpem]
2014-08-29 11:27:59,111 INFO  [log] it's Windows
2014-08-29 11:27:59,111 INFO  [log] nodeId: DLASP
2014-08-29 11:27:59,112 INFO  [log] keyStorePath: C:/certs/DLASP_concat.pem
2014-08-29 11:27:59,112 INFO  [log] pwd=123
2014-08-29 11:27:59,117 INFO  [SoapUIProTestCaseRunner] Finished running SoapUI testcase [SetPem], time taken: 2ms, status: FINISHED
2014-08-29 11:27:59,117 INFO  [log] keyStorePath:C:/certs/DLASP_concat.pem
2014-08-29 11:27:59,117 INFO  [log] testStep [com.eviware.soapui.impl.wsdl.teststeps.RestTestRequestStep@c82f61c]
2014-08-29 11:27:59,118 INFO  [log] Done Setting SSL Keystore to DLASP_concat.pem
2014-08-29 11:27:59,121 INFO  [SoapUIProTestCaseRunner] running step [5000]
2014-08-29 11:28:04,124 INFO  [SoapUIProTestCaseRunner] running step [POST - StreamCreate]
2014-08-29 11:28:04,351 INFO  [SoapUIProTestCaseRunner] running step [5000 1]
2014-08-29 11:28:09,353 INFO  [SoapUIProTestCaseRunner] running step [Rerun]
2014-08-29 11:28:09,353 INFO  [log] #########################IN RERUN ######################POST - StreamCreate
2014-08-29 11:28:09,355 INFO  [SoapUIProTestCaseRunner] running step [Extract Response Body]
2014-08-29 11:28:09,359 INFO  [SoapUIProTestCaseRunner] running step [Extract ERROR table information]
2014-08-29 11:28:09,359 INFO  [log] Inside constructor dbUtils(log,envIdentifier)
2014-08-29 11:28:09,359 INFO  [log] Inside dbConnEstablish method
2014-08-29 11:28:09,359 INFO  [log] Argument passed to this method, envIdentifier : 'LP1'
2014-08-29 11:28:09,360 INFO  [log] Inside ReadDBCrecentials method
2014-08-29 11:28:09,360 INFO  [log] Arguments passed to this method, envIdentifier : 'LP1'
2014-08-29 11:28:09,360 INFO  [log] Out ReadDBCrecentials method
2014-08-29 11:28:09,360 INFO  [log] Return dbUsername : 'DEQA1_APP'
2014-08-29 11:28:09,360 INFO  [log] Return dbPassword : 'lp1db_23'
2014-08-29 11:28:09,419 INFO  [log] Out dbConnEstablish method
2014-08-29 11:28:09,420 INFO  [log] Out constructor dbUtils(log,envIdentifier)
2014-08-29 11:28:09,420 INFO  [log] expectErrTypeStreamCreate[SUCCESS]
2014-08-29 11:28:09,421 INFO  [log] SelectFromDB - here
2014-08-29 11:28:09,432 INFO  [log] errGetIdInfo: sql is SELECT a.STATUS_CODE, b.REASON, b.ERROR_ID FROM ERROR_ID a, ERROR_INFO b WHERE a.ERROR_ID = b.ERROR_ID and a.ERROR_ID='SUCCESS' and b.LANGUAGE_ID = 'en'
2014-08-29 11:28:09,432 INFO  [log] errGetIdInfo: xmlData.length() is 51
2014-08-29 11:28:09,432 INFO  [log] errGetIdInfo: xmlData is <Results>
  <ResultSet fetchSize='10' />
</Results>
2014-08-29 11:28:09,434 INFO  [log] 0
2014-08-29 11:28:09,436 INFO  [SoapUIProTestCaseRunner] running step [Verify the response headers and body]
2014-08-29 11:28:09,437 INFO  [log] errorRespType[SUCCESS]
2014-08-29 11:28:09,437 INFO  [log] errorID[]
2014-08-29 11:28:09,437 INFO  [log] errorReason[]
2014-08-29 11:28:09,437 INFO  [log] errorLink[]
2014-08-29 11:28:09,437 INFO  [log] HTTP status:  Expect: HTTP/1.1 201 Created - Received: HTTP/1.1 201 Created
2014-08-29 11:28:09,438 INFO  [log] HTTP status:  Expect: Keep-Alive - Received: close
2014-08-29 11:28:09,438 INFO  [log] HTTP Content-Length:  Value is 0
2014-08-29 11:28:09,438 INFO  [log] streamid[01C74ADBABE74C72E05307991F0AFC57] - streamidFULL[urn:dece:streamhandleid:org:dece:01C74ADBABE74C72E05307991F0AFC57]
2014-08-29 11:28:09,440 INFO  [SoapUIProTestCaseRunner] running step [Return the streamhandle]
2014-08-29 11:28:09,443 INFO  [SoapUIProTestCaseRunner] Finished running SoapUI testcase [StreamCreate], time taken: 10300ms, status: FINISHED
2014-08-29 11:28:09,445 INFO  [SoapUIProTestCaseRunner] running step [Steam OID]
2014-08-29 11:28:09,445 INFO  [log] 01C74ADBABE74C72E05307991F0AFC57
2014-08-29 11:28:09,450 INFO  [SoapUIProTestCaseRunner] running step [Continous Stream Create]
2014-08-29 11:28:09,452 INFO  [SoapUIProTestCaseRunner] running step [StreamCreate]
2014-08-29 11:28:09,453 INFO  [SoapUIProTestCaseRunner] Running SoapUI testcase [StreamCreate]
2014-08-29 11:28:09,453 INFO  [SoapUIProTestCaseRunner] running step [Extract required Properties from calling Test Case]
2014-08-29 11:28:09,455 INFO  [SoapUIProTestCaseRunner] running step [pem set]
2014-08-29 11:28:09,455 INFO  [log] nodeId.....;;;;;; DLASP
2014-08-29 11:28:09,456 INFO  [log] myTC.setPropertyValue ..........DLASP
2014-08-29 11:28:09,456 INFO  [SoapUIProTestCaseRunner] Running SoapUI testcase [SetPem]
2014-08-29 11:28:09,456 INFO  [SoapUIProTestCaseRunner] running step [Setpem]
2014-08-29 11:28:09,457 INFO  [log] it's Windows
2014-08-29 11:28:09,457 INFO  [log] nodeId: DLASP
2014-08-29 11:28:09,458 INFO  [log] keyStorePath: C:/certs/DLASP_concat.pem
2014-08-29 11:28:09,458 INFO  [log] pwd=123
2014-08-29 11:28:09,460 INFO  [SoapUIProTestCaseRunner] Finished running SoapUI testcase [SetPem], time taken: 1ms, status: FINISHED
2014-08-29 11:28:09,461 INFO  [log] keyStorePath:C:/certs/DLASP_concat.pem
2014-08-29 11:28:09,461 INFO  [log] testStep [com.eviware.soapui.impl.wsdl.teststeps.RestTestRequestStep@c82f61c]
2014-08-29 11:28:09,461 INFO  [log] Done Setting SSL Keystore to DLASP_concat.pem
2014-08-29 11:28:09,463 INFO  [SoapUIProTestCaseRunner] running step [5000]
2014-08-29 11:28:14,465 INFO  [SoapUIProTestCaseRunner] running step [POST - StreamCreate]
2014-08-29 11:28:14,800 INFO  [SoapUIProTestCaseRunner] running step [5000 1]
2014-08-29 11:28:19,802 INFO  [SoapUIProTestCaseRunner] running step [Rerun]
2014-08-29 11:28:19,808 INFO  [log] #########################IN RERUN ######################POST - StreamCreate
2014-08-29 11:28:19,811 INFO  [SoapUIProTestCaseRunner] running step [Extract Response Body]
2014-08-29 11:28:19,814 INFO  [SoapUIProTestCaseRunner] running step [Extract ERROR table information]
2014-08-29 11:28:19,814 INFO  [log] Inside constructor dbUtils(log,envIdentifier)
2014-08-29 11:28:19,814 INFO  [log] Inside dbConnEstablish method
2014-08-29 11:28:19,814 INFO  [log] Argument passed to this method, envIdentifier : 'LP1'
2014-08-29 11:28:19,815 INFO  [log] Inside ReadDBCrecentials method
2014-08-29 11:28:19,815 INFO  [log] Arguments passed to this method, envIdentifier : 'LP1'
2014-08-29 11:28:19,815 INFO  [log] Out ReadDBCrecentials method
2014-08-29 11:28:19,815 INFO  [log] Return dbUsername : 'DEQA1_APP'
2014-08-29 11:28:19,815 INFO  [log] Return dbPassword : 'lp1db_23'
2014-08-29 11:28:19,908 INFO  [log] Out dbConnEstablish method
2014-08-29 11:28:19,908 INFO  [log] Out constructor dbUtils(log,envIdentifier)
2014-08-29 11:28:19,909 INFO  [log] expectErrTypeStreamCreate[SUCCESS]
2014-08-29 11:28:19,909 INFO  [log] SelectFromDB - here
2014-08-29 11:28:19,915 INFO  [log] errGetIdInfo: sql is SELECT a.STATUS_CODE, b.REASON, b.ERROR_ID FROM ERROR_ID a, ERROR_INFO b WHERE a.ERROR_ID = b.ERROR_ID and a.ERROR_ID='SUCCESS' and b.LANGUAGE_ID = 'en'
2014-08-29 11:28:19,915 INFO  [log] errGetIdInfo: xmlData.length() is 51
2014-08-29 11:28:19,915 INFO  [log] errGetIdInfo: xmlData is <Results>
  <ResultSet fetchSize='10' />
</Results>
2014-08-29 11:28:19,916 INFO  [log] 0
2014-08-29 11:28:19,919 INFO  [SoapUIProTestCaseRunner] running step [Verify the response headers and body]
2014-08-29 11:28:19,920 INFO  [log] errorRespType[SUCCESS]
2014-08-29 11:28:19,920 INFO  [log] errorID[]
2014-08-29 11:28:19,920 INFO  [log] errorReason[]
2014-08-29 11:28:19,920 INFO  [log] errorLink[]
2014-08-29 11:28:19,920 INFO  [log] HTTP status:  Expect: HTTP/1.1 201 Created - Received: HTTP/1.1 201 Created
2014-08-29 11:28:19,921 INFO  [log] HTTP status:  Expect: Keep-Alive - Received: close
2014-08-29 11:28:19,921 INFO  [log] HTTP Content-Length:  Value is 0
2014-08-29 11:28:19,921 INFO  [log] streamid[01C6F251DE0E0C66E05305991F0A3811] - streamidFULL[urn:dece:streamhandleid:org:dece:01C6F251DE0E0C66E05305991F0A3811]
2014-08-29 11:28:19,923 INFO  [SoapUIProTestCaseRunner] running step [Return the streamhandle]
2014-08-29 11:28:19,925 INFO  [SoapUIProTestCaseRunner] Finished running SoapUI testcase [StreamCreate], time taken: 10430ms, status: FINISHED
2014-08-29 11:28:19,928 INFO  [SoapUIProTestCaseRunner] running step [Steam OID]
2014-08-29 11:28:19,928 INFO  [log] 01C6F251DE0E0C66E05305991F0A3811
2014-08-29 11:28:19,933 INFO  [SoapUIProTestCaseRunner] running step [Continous Stream Create]
2014-08-29 11:28:19,935 INFO  [SoapUIProTestCaseRunner] running step [StreamCreate]
2014-08-29 11:28:19,936 INFO  [SoapUIProTestCaseRunner] Running SoapUI testcase [StreamCreate]
2014-08-29 11:28:19,936 INFO  [SoapUIProTestCaseRunner] running step [Extract required Properties from calling Test Case]
2014-08-29 11:28:19,938 INFO  [SoapUIProTestCaseRunner] running step [pem set]
2014-08-29 11:28:19,938 INFO  [log] nodeId.....;;;;;; DLASP
2014-08-29 11:28:19,939 INFO  [log] myTC.setPropertyValue ..........DLASP
2014-08-29 11:28:19,939 INFO  [SoapUIProTestCaseRunner] Running SoapUI testcase [SetPem]
2014-08-29 11:28:19,939 INFO  [SoapUIProTestCaseRunner] running step [Setpem]
2014-08-29 11:28:19,940 INFO  [log] it's Windows
2014-08-29 11:28:19,940 INFO  [log] nodeId: DLASP
2014-08-29 11:28:19,940 INFO  [log] keyStorePath: C:/certs/DLASP_concat.pem
2014-08-29 11:28:19,941 INFO  [log] pwd=123
2014-08-29 11:28:19,944 INFO  [SoapUIProTestCaseRunner] Finished running SoapUI testcase [SetPem], time taken: 1ms, status: FINISHED
2014-08-29 11:28:19,944 INFO  [log] keyStorePath:C:/certs/DLASP_concat.pem
2014-08-29 11:28:19,945 INFO  [log] testStep [com.eviware.soapui.impl.wsdl.teststeps.RestTestRequestStep@c82f61c]
2014-08-29 11:28:19,945 INFO  [log] Done Setting SSL Keystore to DLASP_concat.pem
2014-08-29 11:28:19,948 INFO  [SoapUIProTestCaseRunner] running step [5000]
2014-08-29 11:28:24,950 INFO  [SoapUIProTestCaseRunner] running step [POST - StreamCreate]
2014-08-29 11:28:25,173 INFO  [SoapUIProTestCaseRunner] running step [5000 1]
2014-08-29 11:28:30,175 INFO  [SoapUIProTestCaseRunner] running step [Rerun]
2014-08-29 11:28:30,175 INFO  [log] #########################IN RERUN ######################POST - StreamCreate
2014-08-29 11:28:30,178 INFO  [SoapUIProTestCaseRunner] running step [Extract Response Body]
2014-08-29 11:28:30,181 INFO  [SoapUIProTestCaseRunner] running step [Extract ERROR table information]
2014-08-29 11:28:30,182 INFO  [log] Inside constructor dbUtils(log,envIdentifier)
2014-08-29 11:28:30,182 INFO  [log] Inside dbConnEstablish method
2014-08-29 11:28:30,182 INFO  [log] Argument passed to this method, envIdentifier : 'LP1'
2014-08-29 11:28:30,182 INFO  [log] Inside ReadDBCrecentials method
2014-08-29 11:28:30,182 INFO  [log] Arguments passed to this method, envIdentifier : 'LP1'
2014-08-29 11:28:30,182 INFO  [log] Out ReadDBCrecentials method
2014-08-29 11:28:30,182 INFO  [log] Return dbUsername : 'DEQA1_APP'
2014-08-29 11:28:30,183 INFO  [log] Return dbPassword : 'lp1db_23'
2014-08-29 11:28:30,252 INFO  [log] Out dbConnEstablish method
2014-08-29 11:28:30,252 INFO  [log] Out constructor dbUtils(log,envIdentifier)
2014-08-29 11:28:30,253 INFO  [log] expectErrTypeStreamCreate[SUCCESS]
2014-08-29 11:28:30,253 INFO  [log] SelectFromDB - here
2014-08-29 11:28:30,263 INFO  [log] errGetIdInfo: sql is SELECT a.STATUS_CODE, b.REASON, b.ERROR_ID FROM ERROR_ID a, ERROR_INFO b WHERE a.ERROR_ID = b.ERROR_ID and a.ERROR_ID='SUCCESS' and b.LANGUAGE_ID = 'en'
2014-08-29 11:28:30,263 INFO  [log] errGetIdInfo: xmlData.length() is 51
2014-08-29 11:28:30,263 INFO  [log] errGetIdInfo: xmlData is <Results>
  <ResultSet fetchSize='10' />
</Results>
2014-08-29 11:28:30,264 INFO  [log] 0
2014-08-29 11:28:30,267 INFO  [SoapUIProTestCaseRunner] running step [Verify the response headers and body]
2014-08-29 11:28:30,267 INFO  [log] errorRespType[SUCCESS]
2014-08-29 11:28:30,268 INFO  [log] errorID[]
2014-08-29 11:28:30,268 INFO  [log] errorReason[]
2014-08-29 11:28:30,268 INFO  [log] errorLink[]
2014-08-29 11:28:30,268 INFO  [log] HTTP status:  Expect: HTTP/1.1 201 Created - Received: HTTP/1.1 201 Created
2014-08-29 11:28:30,268 INFO  [log] HTTP status:  Expect: Keep-Alive - Received: close
2014-08-29 11:28:30,269 INFO  [log] HTTP Content-Length:  Value is 0
2014-08-29 11:28:30,269 INFO  [log] streamid[01C74AA3CE474CA9E05307991F0A096A] - streamidFULL[urn:dece:streamhandleid:org:dece:01C74AA3CE474CA9E05307991F0A096A]
2014-08-29 11:28:30,272 INFO  [SoapUIProTestCaseRunner] running step [Return the streamhandle]
2014-08-29 11:28:30,275 INFO  [SoapUIProTestCaseRunner] Finished running SoapUI testcase [StreamCreate], time taken: 10304ms, status: FINISHED
2014-08-29 11:28:30,278 INFO  [SoapUIProTestCaseRunner] running step [Steam OID]
2014-08-29 11:28:30,279 INFO  [log] 01C74AA3CE474CA9E05307991F0A096A
2014-08-29 11:28:30,284 INFO  [SoapUIProTestCaseRunner] running step [Continous Stream Create]
2014-08-29 11:28:30,286 INFO  [SoapUIProTestCaseRunner] running step [StreamCreate]
2014-08-29 11:28:30,287 INFO  [SoapUIProTestCaseRunner] Running SoapUI testcase [StreamCreate]
2014-08-29 11:28:30,287 INFO  [SoapUIProTestCaseRunner] running step [Extract required Properties from calling Test Case]
2014-08-29 11:28:30,289 INFO  [SoapUIProTestCaseRunner] running step [pem set]
2014-08-29 11:28:30,290 INFO  [log] nodeId.....;;;;;; DLASP
2014-08-29 11:28:30,290 INFO  [log] myTC.setPropertyValue ..........DLASP
2014-08-29 11:28:30,290 INFO  [SoapUIProTestCaseRunner] Running SoapUI testcase [SetPem]
2014-08-29 11:28:30,290 INFO  [SoapUIProTestCaseRunner] running step [Setpem]
2014-08-29 11:28:30,292 INFO  [log] it's Windows
2014-08-29 11:28:30,292 INFO  [log] nodeId: DLASP
2014-08-29 11:28:30,292 INFO  [log] keyStorePath: C:/certs/DLASP_concat.pem
2014-08-29 11:28:30,293 INFO  [log] pwd=123
2014-08-29 11:28:30,295 INFO  [SoapUIProTestCaseRunner] Finished running SoapUI testcase [SetPem], time taken: 2ms, status: FINISHED
2014-08-29 11:28:30,295 INFO  [log] keyStorePath:C:/certs/DLASP_concat.pem
2014-08-29 11:28:30,295 INFO  [log] testStep [com.eviware.soapui.impl.wsdl.teststeps.RestTestRequestStep@c82f61c]
2014-08-29 11:28:30,296 INFO  [log] Done Setting SSL Keystore to DLASP_concat.pem
2014-08-29 11:28:30,298 INFO  [SoapUIProTestCaseRunner] running step [5000]
2014-08-29 11:28:35,301 INFO  [SoapUIProTestCaseRunner] running step [POST - StreamCreate]
2014-08-29 11:28:35,709 INFO  [SoapUIProTestCaseRunner] running step [5000 1]
2014-08-29 11:28:40,711 INFO  [SoapUIProTestCaseRunner] running step [Rerun]
2014-08-29 11:28:40,711 INFO  [log] #########################IN RERUN ######################POST - StreamCreate
2014-08-29 11:28:40,714 INFO  [SoapUIProTestCaseRunner] running step [Extract Response Body]
2014-08-29 11:28:40,717 INFO  [SoapUIProTestCaseRunner] running step [Extract ERROR table information]
2014-08-29 11:28:40,717 INFO  [log] Inside constructor dbUtils(log,envIdentifier)
2014-08-29 11:28:40,717 INFO  [log] Inside dbConnEstablish method
2014-08-29 11:28:40,717 INFO  [log] Argument passed to this method, envIdentifier : 'LP1'
2014-08-29 11:28:40,718 INFO  [log] Inside ReadDBCrecentials method
2014-08-29 11:28:40,718 INFO  [log] Arguments passed to this method, envIdentifier : 'LP1'
2014-08-29 11:28:40,718 INFO  [log] Out ReadDBCrecentials method
2014-08-29 11:28:40,718 INFO  [log] Return dbUsername : 'DEQA1_APP'
2014-08-29 11:28:40,718 INFO  [log] Return dbPassword : 'lp1db_23'
2014-08-29 11:28:40,796 INFO  [log] Out dbConnEstablish method
2014-08-29 11:28:40,796 INFO  [log] Out constructor dbUtils(log,envIdentifier)
2014-08-29 11:28:40,796 INFO  [log] expectErrTypeStreamCreate[SUCCESS]
2014-08-29 11:28:40,797 INFO  [log] SelectFromDB - here
2014-08-29 11:28:40,806 INFO  [log] errGetIdInfo: sql is SELECT a.STATUS_CODE, b.REASON, b.ERROR_ID FROM ERROR_ID a, ERROR_INFO b WHERE a.ERROR_ID = b.ERROR_ID and a.ERROR_ID='SUCCESS' and b.LANGUAGE_ID = 'en'
2014-08-29 11:28:40,806 INFO  [log] errGetIdInfo: xmlData.length() is 51
2014-08-29 11:28:40,806 INFO  [log] errGetIdInfo: xmlData is <Results>
  <ResultSet fetchSize='10' />
</Results>
2014-08-29 11:28:40,808 INFO  [log] 0
2014-08-29 11:28:40,810 INFO  [SoapUIProTestCaseRunner] running step [Verify the response headers and body]
2014-08-29 11:28:40,811 INFO  [log] errorRespType[SUCCESS]
2014-08-29 11:28:40,811 INFO  [log] errorID[]
2014-08-29 11:28:40,811 INFO  [log] errorReason[]
2014-08-29 11:28:40,811 INFO  [log] errorLink[]
2014-08-29 11:28:40,811 INFO  [log] HTTP status:  Expect: HTTP/1.1 201 Created - Received: HTTP/1.1 201 Created
2014-08-29 11:28:40,812 INFO  [log] HTTP status:  Expect: Keep-Alive - Received: close
2014-08-29 11:28:40,812 INFO  [log] HTTP Content-Length:  Value is 0
2014-08-29 11:28:40,812 INFO  [log] streamid[01C6F24F3AE67D33E05307991F0AE451] - streamidFULL[urn:dece:streamhandleid:org:dece:01C6F24F3AE67D33E05307991F0AE451]
2014-08-29 11:28:40,814 INFO  [SoapUIProTestCaseRunner] running step [Return the streamhandle]
2014-08-29 11:28:40,816 INFO  [SoapUIProTestCaseRunner] Finished running SoapUI testcase [StreamCreate], time taken: 10498ms, status: FINISHED
2014-08-29 11:28:40,819 INFO  [SoapUIProTestCaseRunner] running step [Steam OID]
2014-08-29 11:28:40,819 INFO  [log] 01C6F24F3AE67D33E05307991F0AE451
2014-08-29 11:28:40,823 INFO  [SoapUIProTestCaseRunner] running step [Continous Stream Create]
2014-08-29 11:28:40,826 INFO  [SoapUIProTestCaseRunner] running step [StreamCreate]
2014-08-29 11:28:40,826 INFO  [SoapUIProTestCaseRunner] Running SoapUI testcase [StreamCreate]
2014-08-29 11:28:40,826 INFO  [SoapUIProTestCaseRunner] running step [Extract required Properties from calling Test Case]
2014-08-29 11:28:40,829 INFO  [SoapUIProTestCaseRunner] running step [pem set]
2014-08-29 11:28:40,829 INFO  [log] nodeId.....;;;;;; DLASP
2014-08-29 11:28:40,829 INFO  [log] myTC.setPropertyValue ..........DLASP
2014-08-29 11:28:40,830 INFO  [SoapUIProTestCaseRunner] Running SoapUI testcase [SetPem]
2014-08-29 11:28:40,830 INFO  [SoapUIProTestCaseRunner] running step [Setpem]
2014-08-29 11:28:40,831 INFO  [log] it's Windows
2014-08-29 11:28:40,831 INFO  [log] nodeId: DLASP
2014-08-29 11:28:40,831 INFO  [log] keyStorePath: C:/certs/DLASP_concat.pem
2014-08-29 11:28:40,832 INFO  [log] pwd=123
2014-08-29 11:28:40,834 INFO  [SoapUIProTestCaseRunner] Finished running SoapUI testcase [SetPem], time taken: 1ms, status: FINISHED
2014-08-29 11:28:40,834 INFO  [log] keyStorePath:C:/certs/DLASP_concat.pem
2014-08-29 11:28:40,834 INFO  [log] testStep [com.eviware.soapui.impl.wsdl.teststeps.RestTestRequestStep@c82f61c]
2014-08-29 11:28:40,835 INFO  [log] Done Setting SSL Keystore to DLASP_concat.pem
2014-08-29 11:28:40,837 INFO  [SoapUIProTestCaseRunner] running step [5000]
2014-08-29 11:28:45,839 INFO  [SoapUIProTestCaseRunner] running step [POST - StreamCreate]
2014-08-29 11:28:46,459 INFO  [SoapUIProTestCaseRunner] running step [5000 1]
2014-08-29 11:28:51,461 INFO  [SoapUIProTestCaseRunner] running step [Rerun]
2014-08-29 11:28:51,461 INFO  [log] #########################IN RERUN ######################POST - StreamCreate
2014-08-29 11:28:51,463 INFO  [SoapUIProTestCaseRunner] running step [Extract Response Body]
2014-08-29 11:28:51,466 INFO  [SoapUIProTestCaseRunner] running step [Extract ERROR table information]
2014-08-29 11:28:51,467 INFO  [log] Inside constructor dbUtils(log,envIdentifier)
2014-08-29 11:28:51,467 INFO  [log] Inside dbConnEstablish method
2014-08-29 11:28:51,467 INFO  [log] Argument passed to this method, envIdentifier : 'LP1'
2014-08-29 11:28:51,467 INFO  [log] Inside ReadDBCrecentials method
2014-08-29 11:28:51,467 INFO  [log] Arguments passed to this method, envIdentifier : 'LP1'
2014-08-29 11:28:51,467 INFO  [log] Out ReadDBCrecentials method
2014-08-29 11:28:51,467 INFO  [log] Return dbUsername : 'DEQA1_APP'
2014-08-29 11:28:51,468 INFO  [log] Return dbPassword : 'lp1db_23'
2014-08-29 11:28:51,542 INFO  [log] Out dbConnEstablish method
2014-08-29 11:28:51,543 INFO  [log] Out constructor dbUtils(log,envIdentifier)
2014-08-29 11:28:51,543 INFO  [log] expectErrTypeStreamCreate[SUCCESS]
2014-08-29 11:28:51,543 INFO  [log] SelectFromDB - here
2014-08-29 11:28:51,549 INFO  [log] errGetIdInfo: sql is SELECT a.STATUS_CODE, b.REASON, b.ERROR_ID FROM ERROR_ID a, ERROR_INFO b WHERE a.ERROR_ID = b.ERROR_ID and a.ERROR_ID='SUCCESS' and b.LANGUAGE_ID = 'en'
2014-08-29 11:28:51,550 INFO  [log] errGetIdInfo: xmlData.length() is 51
2014-08-29 11:28:51,550 INFO  [log] errGetIdInfo: xmlData is <Results>
  <ResultSet fetchSize='10' />
</Results>
2014-08-29 11:28:51,551 INFO  [log] 0
2014-08-29 11:28:51,554 INFO  [SoapUIProTestCaseRunner] running step [Verify the response headers and body]
2014-08-29 11:28:51,554 INFO  [log] errorRespType[SUCCESS]
2014-08-29 11:28:51,554 INFO  [log] errorID[]
2014-08-29 11:28:51,554 INFO  [log] errorReason[]
2014-08-29 11:28:51,554 INFO  [log] errorLink[]
2014-08-29 11:28:51,555 INFO  [log] HTTP status:  Expect: HTTP/1.1 201 Created - Received: HTTP/1.1 201 Created
2014-08-29 11:28:51,555 INFO  [log] HTTP status:  Expect: Keep-Alive - Received: close
2014-08-29 11:28:51,555 INFO  [log] HTTP Content-Length:  Value is 0
2014-08-29 11:28:51,555 INFO  [log] streamid[01C6F2509F3A7D31E05307991F0A0F48] - streamidFULL[urn:dece:streamhandleid:org:dece:01C6F2509F3A7D31E05307991F0A0F48]
2014-08-29 11:28:51,557 INFO  [SoapUIProTestCaseRunner] running step [Return the streamhandle]
2014-08-29 11:28:51,560 INFO  [SoapUIProTestCaseRunner] Finished running SoapUI testcase [StreamCreate], time taken: 10701ms, status: FINISHED
2014-08-29 11:28:51,563 INFO  [SoapUIProTestCaseRunner] running step [Steam OID]
2014-08-29 11:28:51,563 INFO  [log] 01C6F2509F3A7D31E05307991F0A0F48
2014-08-29 11:28:51,589 INFO  [SoapUIProTestCaseRunner] running step [Continous Stream Create]
2014-08-29 11:28:51,591 INFO  [SoapUIProTestCaseRunner] running step [StreamCreate]
2014-08-29 11:28:51,592 INFO  [SoapUIProTestCaseRunner] Running SoapUI testcase [StreamCreate]
2014-08-29 11:28:51,592 INFO  [SoapUIProTestCaseRunner] running step [Extract required Properties from calling Test Case]
2014-08-29 11:28:51,595 INFO  [SoapUIProTestCaseRunner] running step [pem set]
2014-08-29 11:28:51,595 INFO  [log] nodeId.....;;;;;; DLASP
2014-08-29 11:28:51,595 INFO  [log] myTC.setPropertyValue ..........DLASP
2014-08-29 11:28:51,595 INFO  [SoapUIProTestCaseRunner] Running SoapUI testcase [SetPem]
2014-08-29 11:28:51,596 INFO  [SoapUIProTestCaseRunner] running step [Setpem]
2014-08-29 11:28:51,597 INFO  [log] it's Windows
2014-08-29 11:28:51,597 INFO  [log] nodeId: DLASP
2014-08-29 11:28:51,597 INFO  [log] keyStorePath: C:/certs/DLASP_concat.pem
2014-08-29 11:28:51,597 INFO  [log] pwd=123
2014-08-29 11:28:51,599 INFO  [SoapUIProTestCaseRunner] Finished running SoapUI testcase [SetPem], time taken: 1ms, status: FINISHED
2014-08-29 11:28:51,600 INFO  [log] keyStorePath:C:/certs/DLASP_concat.pem
2014-08-29 11:28:51,600 INFO  [log] testStep [com.eviware.soapui.impl.wsdl.teststeps.RestTestRequestStep@c82f61c]
2014-08-29 11:28:51,600 INFO  [log] Done Setting SSL Keystore to DLASP_concat.pem
2014-08-29 11:28:51,602 INFO  [SoapUIProTestCaseRunner] running step [5000]
2014-08-29 11:28:56,604 INFO  [SoapUIProTestCaseRunner] running step [POST - StreamCreate]
2014-08-29 11:28:57,021 INFO  [SoapUIProTestCaseRunner] running step [5000 1]
2014-08-29 11:29:02,023 INFO  [SoapUIProTestCaseRunner] running step [Rerun]
2014-08-29 11:29:02,023 INFO  [log] #########################IN RERUN ######################POST - StreamCreate
2014-08-29 11:29:02,026 INFO  [SoapUIProTestCaseRunner] running step [Extract Response Body]
2014-08-29 11:29:02,028 INFO  [SoapUIProTestCaseRunner] running step [Extract ERROR table information]
2014-08-29 11:29:02,029 INFO  [log] Inside constructor dbUtils(log,envIdentifier)
2014-08-29 11:29:02,029 INFO  [log] Inside dbConnEstablish method
2014-08-29 11:29:02,029 INFO  [log] Argument passed to this method, envIdentifier : 'LP1'
2014-08-29 11:29:02,029 INFO  [log] Inside ReadDBCrecentials method
2014-08-29 11:29:02,029 INFO  [log] Arguments passed to this method, envIdentifier : 'LP1'
2014-08-29 11:29:02,029 INFO  [log] Out ReadDBCrecentials method
2014-08-29 11:29:02,030 INFO  [log] Return dbUsername : 'DEQA1_APP'
2014-08-29 11:29:02,030 INFO  [log] Return dbPassword : 'lp1db_23'
2014-08-29 11:29:02,106 INFO  [log] Out dbConnEstablish method
2014-08-29 11:29:02,107 INFO  [log] Out constructor dbUtils(log,envIdentifier)
2014-08-29 11:29:02,107 INFO  [log] expectErrTypeStreamCreate[SUCCESS]
2014-08-29 11:29:02,107 INFO  [log] SelectFromDB - here
2014-08-29 11:29:02,116 INFO  [log] errGetIdInfo: sql is SELECT a.STATUS_CODE, b.REASON, b.ERROR_ID FROM ERROR_ID a, ERROR_INFO b WHERE a.ERROR_ID = b.ERROR_ID and a.ERROR_ID='SUCCESS' and b.LANGUAGE_ID = 'en'
2014-08-29 11:29:02,116 INFO  [log] errGetIdInfo: xmlData.length() is 51
2014-08-29 11:29:02,116 INFO  [log] errGetIdInfo: xmlData is <Results>
  <ResultSet fetchSize='10' />
</Results>
2014-08-29 11:29:02,118 INFO  [log] 0
2014-08-29 11:29:02,121 INFO  [SoapUIProTestCaseRunner] running step [Verify the response headers and body]
2014-08-29 11:29:02,121 INFO  [log] errorRespType[SUCCESS]
2014-08-29 11:29:02,121 INFO  [log] errorID[]
2014-08-29 11:29:02,122 INFO  [log] errorReason[]
2014-08-29 11:29:02,122 INFO  [log] errorLink[]
2014-08-29 11:29:02,122 INFO  [log] HTTP status:  Expect: HTTP/1.1 201 Created - Received: HTTP/1.1 201 Created
2014-08-29 11:29:02,122 INFO  [log] HTTP status:  Expect: Keep-Alive - Received: close
2014-08-29 11:29:02,122 INFO  [log] HTTP Content-Length:  Value is 0
2014-08-29 11:29:02,122 INFO  [log] streamid[01C71D8007547A30E05305991F0A1F27] - streamidFULL[urn:dece:streamhandleid:org:dece:01C71D8007547A30E05305991F0A1F27]
2014-08-29 11:29:02,125 INFO  [SoapUIProTestCaseRunner] running step [Return the streamhandle]
2014-08-29 11:29:02,127 INFO  [SoapUIProTestCaseRunner] Finished running SoapUI testcase [StreamCreate], time taken: 10503ms, status: FINISHED
2014-08-29 11:29:02,130 INFO  [SoapUIProTestCaseRunner] running step [Steam OID]
2014-08-29 11:29:02,130 INFO  [log] 01C71D8007547A30E05305991F0A1F27
2014-08-29 11:29:02,134 INFO  [SoapUIProTestCaseRunner] running step [Continous Stream Create]
2014-08-29 11:29:02,137 INFO  [SoapUIProTestCaseRunner] running step [StreamCreate]
2014-08-29 11:29:02,138 INFO  [SoapUIProTestCaseRunner] Running SoapUI testcase [StreamCreate]
2014-08-29 11:29:02,138 INFO  [SoapUIProTestCaseRunner] running step [Extract required Properties from calling Test Case]
2014-08-29 11:29:02,140 INFO  [SoapUIProTestCaseRunner] running step [pem set]
2014-08-29 11:29:02,140 INFO  [log] nodeId.....;;;;;; DLASP
2014-08-29 11:29:02,140 INFO  [log] myTC.setPropertyValue ..........DLASP
2014-08-29 11:29:02,141 INFO  [SoapUIProTestCaseRunner] Running SoapUI testcase [SetPem]
2014-08-29 11:29:02,141 INFO  [SoapUIProTestCaseRunner] running step [Setpem]
2014-08-29 11:29:02,143 INFO  [log] it's Windows
2014-08-29 11:29:02,143 INFO  [log] nodeId: DLASP
2014-08-29 11:29:02,143 INFO  [log] keyStorePath: C:/certs/DLASP_concat.pem
2014-08-29 11:29:02,143 INFO  [log] pwd=123
2014-08-29 11:29:02,146 INFO  [SoapUIProTestCaseRunner] Finished running SoapUI testcase [SetPem], time taken: 2ms, status: FINISHED
2014-08-29 11:29:02,147 INFO  [log] keyStorePath:C:/certs/DLASP_concat.pem
2014-08-29 11:29:02,147 INFO  [log] testStep [com.eviware.soapui.impl.wsdl.teststeps.RestTestRequestStep@c82f61c]
2014-08-29 11:29:02,147 INFO  [log] Done Setting SSL Keystore to DLASP_concat.pem
2014-08-29 11:29:02,149 INFO  [SoapUIProTestCaseRunner] running step [5000]
2014-08-29 11:29:07,152 INFO  [SoapUIProTestCaseRunner] running step [POST - StreamCreate]
2014-08-29 11:29:07,376 INFO  [SoapUIProTestCaseRunner] running step [5000 1]
2014-08-29 11:29:12,378 INFO  [SoapUIProTestCaseRunner] running step [Rerun]
2014-08-29 11:29:12,378 INFO  [log] #########################IN RERUN ######################POST - StreamCreate
2014-08-29 11:29:12,380 INFO  [SoapUIProTestCaseRunner] running step [Extract Response Body]
2014-08-29 11:29:12,437 INFO  [SoapUIProTestCaseRunner] running step [Extract ERROR table information]
2014-08-29 11:29:12,438 INFO  [log] Inside constructor dbUtils(log,envIdentifier)
2014-08-29 11:29:12,438 INFO  [log] Inside dbConnEstablish method
2014-08-29 11:29:12,438 INFO  [log] Argument passed to this method, envIdentifier : 'LP1'
2014-08-29 11:29:12,438 INFO  [log] Inside ReadDBCrecentials method
2014-08-29 11:29:12,438 INFO  [log] Arguments passed to this method, envIdentifier : 'LP1'
2014-08-29 11:29:12,438 INFO  [log] Out ReadDBCrecentials method
2014-08-29 11:29:12,439 INFO  [log] Return dbUsername : 'DEQA1_APP'
2014-08-29 11:29:12,439 INFO  [log] Return dbPassword : 'lp1db_23'
2014-08-29 11:29:12,513 INFO  [log] Out dbConnEstablish method
2014-08-29 11:29:12,514 INFO  [log] Out constructor dbUtils(log,envIdentifier)
2014-08-29 11:29:12,514 INFO  [log] expectErrTypeStreamCreate[SUCCESS]
2014-08-29 11:29:12,514 INFO  [log] SelectFromDB - here
2014-08-29 11:29:12,534 INFO  [log] errGetIdInfo: sql is SELECT a.STATUS_CODE, b.REASON, b.ERROR_ID FROM ERROR_ID a, ERROR_INFO b WHERE a.ERROR_ID = b.ERROR_ID and a.ERROR_ID='SUCCESS' and b.LANGUAGE_ID = 'en'
2014-08-29 11:29:12,535 INFO  [log] errGetIdInfo: xmlData.length() is 51
2014-08-29 11:29:12,535 INFO  [log] errGetIdInfo: xmlData is <Results>
  <ResultSet fetchSize='10' />
</Results>
2014-08-29 11:29:12,536 INFO  [log] 0
2014-08-29 11:29:12,539 INFO  [SoapUIProTestCaseRunner] running step [Verify the response headers and body]
2014-08-29 11:29:12,539 INFO  [log] errorRespType[SUCCESS]
2014-08-29 11:29:12,539 INFO  [log] errorID[]
2014-08-29 11:29:12,539 INFO  [log] errorReason[]
2014-08-29 11:29:12,540 INFO  [log] errorLink[]
2014-08-29 11:29:12,540 INFO  [log] HTTP status:  Expect: HTTP/1.1 201 Created - Received: HTTP/1.1 201 Created
2014-08-29 11:29:12,540 INFO  [log] HTTP status:  Expect: Keep-Alive - Received: close
2014-08-29 11:29:12,540 INFO  [log] HTTP Content-Length:  Value is 0
2014-08-29 11:29:12,540 INFO  [log] streamid[01C74AD701004CC5E05307991F0A2768] - streamidFULL[urn:dece:streamhandleid:org:dece:01C74AD701004CC5E05307991F0A2768]
2014-08-29 11:29:12,543 INFO  [SoapUIProTestCaseRunner] running step [Return the streamhandle]
2014-08-29 11:29:12,546 INFO  [SoapUIProTestCaseRunner] Finished running SoapUI testcase [StreamCreate], time taken: 10317ms, status: FINISHED
2014-08-29 11:29:12,548 INFO  [SoapUIProTestCaseRunner] running step [Steam OID]
2014-08-29 11:29:12,548 INFO  [log] 01C74AD701004CC5E05307991F0A2768
2014-08-29 11:29:12,553 INFO  [SoapUIProTestCaseRunner] running step [Continous Stream Create]
2014-08-29 11:29:12,556 INFO  [SoapUIProTestCaseRunner] Finished running SoapUI testcase [TC_Steam_Create], time taken: 94027ms, status: FINISHED
2014-08-29 11:29:12,556 INFO  [SoapUIProTestCaseRunner] TestCase [TC_Steam_Create] finished with status [FINISHED] in 94027ms
2014-08-29 11:29:13,353 INFO  [SoapUIProTestCaseRunner] Created report at file:/C:/Batch_Process/BatchProcess/SoapUI/Output/index.html
